<?xml version="1.0" encoding="UTF-8"?>
<!-- Generated by org.testng.reporters.JUnitReportReporter -->
<testsuite hostname="DESKTOP-DJ4FDME" failures="0" tests="1" name="org.wipro.automation.uo.testcases.UOHomeScenario" time="18.877" errors="0" timestamp="2024-03-21T21:06:43 IST" skipped="0">
  <testcase classname="org.wipro.automation.uo.testcases.UOHomeScenario" name="validate_homepagelinks" time="18.877"/>
</testsuite> <!-- org.wipro.automation.uo.testcases.UOHomeScenario -->
