<?xml version="1.0" encoding="UTF-8"?>
<!-- Generated by org.testng.reporters.JUnitReportReporter -->
<testsuite hostname="DESKTOP-DJ4FDME" failures="0" tests="1" name="org.wipro.automation.uo.testcases.LoginScenario" time="3.720" errors="0" timestamp="2024-03-20T21:19:36 IST" skipped="0">
  <testcase classname="org.wipro.automation.uo.testcases.LoginScenario" name="validate_loginfunction" time="3.720"/>
</testsuite> <!-- org.wipro.automation.uo.testcases.LoginScenario -->
