<?xml version="1.0" encoding="UTF-8"?>
<!-- Generated by org.testng.reporters.JUnitReportReporter -->
<testsuite hostname="DESKTOP-DJ4FDME" failures="0" tests="1" name="org.wipro.automation.uo.testcases.SignupScenario" time="5.158" errors="0" timestamp="2024-03-21T21:12:31 IST" skipped="0">
  <testcase classname="org.wipro.automation.uo.testcases.SignupScenario" name="validate_signupfunction" time="5.158"/>
</testsuite> <!-- org.wipro.automation.uo.testcases.SignupScenario -->
