<?xml version="1.0" encoding="UTF-8"?>
<!-- Generated by org.testng.reporters.JUnitReportReporter -->
<testsuite hostname="DESKTOP-DJ4FDME" failures="0" tests="2" name="testNGDemo.TestScenario8" time="0.004" errors="0" timestamp="2024-03-07T21:22:40 IST" skipped="0">
  <testcase classname="testNGDemo.TestScenario8" name="third_testcase" time="0.002"/>
  <testcase classname="testNGDemo.TestScenario8" name="first_testcase" time="0.002"/>
</testsuite> <!-- testNGDemo.TestScenario8 -->
