<?xml version="1.0" encoding="UTF-8"?>
<!-- Generated by org.testng.reporters.JUnitReportReporter -->
<testsuite hostname="DESKTOP-DJ4FDME" failures="0" tests="6" name="testNGDemo.TestScenario7" time="0.034" errors="0" timestamp="2024-03-07T21:20:58 IST" skipped="0">
  <testcase classname="testNGDemo.TestScenario7" name="fifth_testcase" time="0.021"/>
  <testcase classname="testNGDemo.TestScenario7" name="forth_testcase" time="0.004"/>
  <testcase classname="testNGDemo.TestScenario7" name="third_testcase" time="0.003"/>
  <testcase classname="testNGDemo.TestScenario7" name="second_testcase" time="0.002"/>
  <testcase classname="testNGDemo.TestScenario7" name="sixth_testcase" time="0.002"/>
  <testcase classname="testNGDemo.TestScenario7" name="first_testcase" time="0.002"/>
</testsuite> <!-- testNGDemo.TestScenario7 -->
