<?xml version="1.0" encoding="UTF-8"?>
<!-- Generated by org.testng.reporters.JUnitReportReporter -->
<testsuite hostname="DESKTOP-DJ4FDME" failures="0" tests="3" name="org.wipro.automation.uo.testcases.LoginScenario_DDF" time="11.331" errors="0" timestamp="2024-03-20T21:27:26 IST" skipped="0">
  <testcase classname="org.wipro.automation.uo.testcases.LoginScenario_DDF" name="validate_loginfunction" time="4.070"/>
  <testcase classname="org.wipro.automation.uo.testcases.LoginScenario_DDF" name="validate_loginfunction" time="3.302"/>
  <testcase classname="org.wipro.automation.uo.testcases.LoginScenario_DDF" name="validate_loginfunction" time="3.959"/>
</testsuite> <!-- org.wipro.automation.uo.testcases.LoginScenario_DDF -->
