<?xml version="1.0" encoding="UTF-8"?>
<!-- Generated by org.testng.reporters.JUnitReportReporter -->
<testsuite hostname="DESKTOP-DJ4FDME" failures="0" tests="6" name="testNGDemo.TestScenario3" time="0.014" errors="0" timestamp="2024-03-07T21:20:58 IST" skipped="0">
  <testcase classname="testNGDemo.TestScenario3" name="third_testcase" time="0.002"/>
  <testcase classname="testNGDemo.TestScenario3" name="fifth_testcase" time="0.006"/>
  <testcase classname="testNGDemo.TestScenario3" name="forth_testcase" time="0.001"/>
  <testcase classname="testNGDemo.TestScenario3" name="second_testcase" time="0.002"/>
  <testcase classname="testNGDemo.TestScenario3" name="first_testcase" time="0.001"/>
  <testcase classname="testNGDemo.TestScenario3" name="sixth_testcase" time="0.002"/>
</testsuite> <!-- testNGDemo.TestScenario3 -->
