<?xml version="1.0" encoding="UTF-8"?>
<!-- Generated by org.testng.reporters.JUnitReportReporter -->
<testsuite hostname="DESKTOP-DJ4FDME" failures="0" tests="1" name="org.xyz.automation.fb.DifferentControl" time="8.663" errors="0" timestamp="2024-03-13T21:17:34 IST" skipped="0">
  <testcase classname="org.xyz.automation.fb.DifferentControl" name="launchBroser" time="8.663"/>
</testsuite> <!-- org.xyz.automation.fb.DifferentControl -->
