<?xml version="1.0" encoding="UTF-8"?>
<!-- Generated by org.testng.reporters.JUnitReportReporter -->
<testsuite hostname="DESKTOP-DJ4FDME" failures="0" tests="2" name="testNGDemo.TestScenario2" time="0.014" errors="0" timestamp="2024-03-07T21:22:40 IST" skipped="1">
  <testcase classname="testNGDemo.TestScenario2" name="first_testcase" time="0.014"/>
  <testcase classname="testNGDemo.TestScenario2" name="second_testcase">
    <skipped/>
  </testcase> <!-- second_testcase -->
</testsuite> <!-- testNGDemo.TestScenario2 -->
