<?xml version="1.0" encoding="UTF-8"?>
<!-- Generated by org.testng.reporters.JUnitReportReporter -->
<testsuite hostname="DESKTOP-DJ4FDME" failures="0" tests="1" name="org.xyz.automation.fb.BrowserControl" time="8.920" errors="0" timestamp="2024-03-11T20:33:32 IST" skipped="0">
  <testcase classname="org.xyz.automation.fb.BrowserControl" name="launchBroser" time="8.920"/>
</testsuite> <!-- org.xyz.automation.fb.BrowserControl -->
