<?xml version="1.0" encoding="UTF-8"?>
<!-- Generated by org.testng.reporters.JUnitReportReporter -->
<testsuite hostname="DESKTOP-DJ4FDME" failures="0" tests="2" name="org.xyz.automation.fb.FirstAutomation" time="9.678" errors="0" timestamp="2024-03-13T21:05:23 IST" skipped="0">
  <testcase classname="org.xyz.automation.fb.FirstAutomation" name="signupFUnctionailty" time="6.465"/>
  <testcase classname="org.xyz.automation.fb.FirstAutomation" name="loginFUnctionailty" time="3.213"/>
</testsuite> <!-- org.xyz.automation.fb.FirstAutomation -->
