<?xml version="1.0" encoding="UTF-8"?>
<!-- Generated by org.testng.reporters.JUnitReportReporter -->
<testsuite hostname="DESKTOP-DJ4FDME" failures="0" tests="4" name="org.xyz.automation.fb.KeyboardMouseHandleWindows" time="18.999" errors="0" timestamp="2024-03-18T21:11:12 IST" skipped="2">
  <testcase classname="org.xyz.automation.fb.KeyboardMouseHandleWindows" name="handleFrames" time="15.153"/>
  <testcase classname="org.xyz.automation.fb.KeyboardMouseHandleWindows" name="handleAlerts" time="3.846"/>
  <testcase classname="org.xyz.automation.fb.KeyboardMouseHandleWindows" name="handleKeyboard">
    <skipped/>
  </testcase> <!-- handleKeyboard -->
  <testcase classname="org.xyz.automation.fb.KeyboardMouseHandleWindows" name="handleMouse">
    <skipped/>
  </testcase> <!-- handleMouse -->
</testsuite> <!-- org.xyz.automation.fb.KeyboardMouseHandleWindows -->
